app/build/outputs/logs/manifest-merger-debug-report.txt
-- Merging decision tree log ---
manifest
ADDED from src\main\AndroidManifest.xml:2:1-129:12
	package
		ADDED from src\main\AndroidManifest.xml:3:5-30
		INJECTED from src\main\AndroidManifest.xml
		INJECTED from src\main\AndroidManifest.xml
	android:versionName
		ADDED from src\main\AndroidManifest.xml:5:5-30
		INJECTED from src\main\AndroidManifest.xml
		INJECTED from src\main\AndroidManifest.xml
	android:versionCode
		ADDED from src\main\AndroidManifest.xml:4:5-28
		INJECTED from src\main\AndroidManifest.xml
		INJECTED from src\main\AndroidManifest.xml
	xmlns:android
		ADDED from src\main\AndroidManifest.xml:2:11-69
uses-sdk
ADDED from src\main\AndroidManifest.xml:7:5-9:41
MERGED from [ManE:RecyclerViewPager:unspecified] AndroidManifest.xml:7:5-9:41
MERGED from [com.android.support:recyclerview-v7:22.2.1] AndroidManifest.xml:20:5-43
MERGED from [com.android.support:support-v4:22.2.1] AndroidManifest.xml:20:5-43
MERGED from [ManE:tablayoutsupport:unspecified] AndroidManifest.xml:8:5-10:41
MERGED from [com.android.support:design:22.2.1] AndroidManifest.xml:20:5-43
MERGED from [com.android.support:appcompat-v7:22.2.1] AndroidManifest.xml:20:5-43
MERGED from [com.android.support:support-v4:22.2.1] AndroidManifest.xml:20:5-43
MERGED from [com.android.support:support-v4:22.2.1] AndroidManifest.xml:20:5-43
MERGED from [ManE:RecyclerViewPager:unspecified] AndroidManifest.xml:7:5-9:41
MERGED from [com.android.support:recyclerview-v7:22.2.1] AndroidManifest.xml:20:5-43
MERGED from [com.android.support:support-v4:22.2.1] AndroidManifest.xml:20:5-43
MERGED from [com.android.support:support-v4:22.2.1] AndroidManifest.xml:20:5-43
MERGED from [com.android.support:design:22.2.1] AndroidManifest.xml:20:5-43
MERGED from [com.android.support:appcompat-v7:22.2.1] AndroidManifest.xml:20:5-43
MERGED from [com.android.support:support-v4:22.2.1] AndroidManifest.xml:20:5-43
MERGED from [com.android.support:support-v4:22.2.1] AndroidManifest.xml:20:5-43
MERGED from [com.android.support:appcompat-v7:22.2.1] AndroidManifest.xml:20:5-43
MERGED from [com.android.support:support-v4:22.2.1] AndroidManifest.xml:20:5-43
MERGED from [de.hdodenhof:circleimageview:1.3.0] AndroidManifest.xml:5:5-7:41
MERGED from [com.android.support:recyclerview-v7:22.2.1] AndroidManifest.xml:20:5-43
MERGED from [com.android.support:support-v4:22.2.1] AndroidManifest.xml:20:5-43
MERGED from [ManE:ToggleButtonLib:unspecified] AndroidManifest.xml:7:5-9:41
MERGED from [com.facebook.android:facebook-android-sdk:4.1.1] AndroidManifest.xml:24:5-26:41
MERGED from [com.android.support:support-v4:22.2.1] AndroidManifest.xml:20:5-43
MERGED from [com.bigkoo:alertview:1.0.1] AndroidManifest.xml:7:5-9:41
MERGED from [com.android.support:appcompat-v7:22.2.1] AndroidManifest.xml:20:5-43
MERGED from [com.android.support:support-v4:22.2.1] AndroidManifest.xml:20:5-43
MERGED from [ManE:RecyclerViewSwipeDismiss:unspecified] AndroidManifest.xml:7:5-9:41
MERGED from [com.android.support:appcompat-v7:22.2.1] AndroidManifest.xml:20:5-43
MERGED from [com.android.support:support-v4:22.2.1] AndroidManifest.xml:20:5-43
MERGED from [com.android.support:recyclerview-v7:22.2.1] AndroidManifest.xml:20:5-43
MERGED from [com.android.support:support-v4:22.2.1] AndroidManifest.xml:20:5-43
	android:targetSdkVersion
		ADDED from src\main\AndroidManifest.xml:9:9-38
		INJECTED from src\main\AndroidManifest.xml
		INJECTED from src\main\AndroidManifest.xml
	android:minSdkVersion
		ADDED from src\main\AndroidManifest.xml:8:9-35
		INJECTED from src\main\AndroidManifest.xml
		INJECTED from src\main\AndroidManifest.xml
uses-permission#android.permission.INTERNET
ADDED from src\main\AndroidManifest.xml:11:5-67
	android:name
		ADDED from src\main\AndroidManifest.xml:11:22-64
uses-permission#android.permission.ACCESS_NETWORK_STATE
ADDED from src\main\AndroidManifest.xml:12:5-79
	android:name
		ADDED from src\main\AndroidManifest.xml:12:22-76
uses-permission#android.permission.CAMERA
ADDED from src\main\AndroidManifest.xml:13:5-65
	android:name
		ADDED from src\main\AndroidManifest.xml:13:22-62
uses-permission#android.permission.WRITE_EXTERNAL_STORAGE
ADDED from src\main\AndroidManifest.xml:15:5-81
	android:name
		ADDED from src\main\AndroidManifest.xml:15:22-78
uses-permission#android.permission.MOUNT_UNMOUNT_FILESYSTEMS
ADDED from src\main\AndroidManifest.xml:17:5-84
	android:name
		ADDED from src\main\AndroidManifest.xml:17:22-81
uses-permission#android.permission.READ_PHONE_STATE
ADDED from src\main\AndroidManifest.xml:18:5-75
	android:name
		ADDED from src\main\AndroidManifest.xml:18:22-72
uses-permission#android.permission.READ_EXTERNAL_STORAGE
ADDED from src\main\AndroidManifest.xml:19:5-80
	android:name
		ADDED from src\main\AndroidManifest.xml:19:22-77
uses-permission#android.permission.ACCESS_COARSE_LOCATION
ADDED from src\main\AndroidManifest.xml:24:5-81
	android:name
		ADDED from src\main\AndroidManifest.xml:24:22-78
uses-permission#android.permission.ACCESS_FINE_LOCATION
ADDED from src\main\AndroidManifest.xml:25:5-79
	android:name
		ADDED from src\main\AndroidManifest.xml:25:22-76
uses-permission#android.permission.CHANGE_WIFI_STATE
ADDED from src\main\AndroidManifest.xml:26:5-76
	android:name
		ADDED from src\main\AndroidManifest.xml:26:22-73
uses-permission#android.permission.ACCESS_WIFI_STATE
ADDED from src\main\AndroidManifest.xml:27:5-76
	android:name
		ADDED from src\main\AndroidManifest.xml:27:22-73
uses-permission#android.permission.CHANGE_CONFIGURATION
ADDED from src\main\AndroidManifest.xml:28:5-79
	android:name
		ADDED from src\main\AndroidManifest.xml:28:22-76
uses-permission#android.permission.WAKE_LOCK
ADDED from src\main\AndroidManifest.xml:29:5-68
	android:name
		ADDED from src\main\AndroidManifest.xml:29:22-65
uses-permission#android.permission.WRITE_SETTINGS
ADDED from src\main\AndroidManifest.xml:30:5-73
	android:name
		ADDED from src\main\AndroidManifest.xml:30:22-70
application
ADDED from src\main\AndroidManifest.xml:33:5-127:19
MERGED from [ManE:RecyclerViewPager:unspecified] AndroidManifest.xml:11:5-12:19
MERGED from [com.android.support:support-v4:22.2.1] AndroidManifest.xml:22:5-20
MERGED from [ManE:tablayoutsupport:unspecified] AndroidManifest.xml:12:5-13:19
MERGED from [com.android.support:design:22.2.1] AndroidManifest.xml:22:5-20
MERGED from [com.android.support:appcompat-v7:22.2.1] AndroidManifest.xml:22:5-20
MERGED from [com.android.support:support-v4:22.2.1] AndroidManifest.xml:22:5-20
MERGED from [com.android.support:support-v4:22.2.1] AndroidManifest.xml:22:5-20
MERGED from [ManE:RecyclerViewPager:unspecified] AndroidManifest.xml:11:5-12:19
MERGED from [com.android.support:support-v4:22.2.1] AndroidManifest.xml:22:5-20
MERGED from [com.android.support:support-v4:22.2.1] AndroidManifest.xml:22:5-20
MERGED from [com.android.support:design:22.2.1] AndroidManifest.xml:22:5-20
MERGED from [com.android.support:appcompat-v7:22.2.1] AndroidManifest.xml:22:5-20
MERGED from [com.android.support:support-v4:22.2.1] AndroidManifest.xml:22:5-20
MERGED from [com.android.support:support-v4:22.2.1] AndroidManifest.xml:22:5-20
MERGED from [com.android.support:appcompat-v7:22.2.1] AndroidManifest.xml:22:5-20
MERGED from [com.android.support:support-v4:22.2.1] AndroidManifest.xml:22:5-20
MERGED from [de.hdodenhof:circleimageview:1.3.0] AndroidManifest.xml:9:5-20
MERGED from [com.android.support:support-v4:22.2.1] AndroidManifest.xml:22:5-20
MERGED from [com.facebook.android:facebook-android-sdk:4.1.1] AndroidManifest.xml:28:5-20
MERGED from [com.android.support:support-v4:22.2.1] AndroidManifest.xml:22:5-20
MERGED from [com.android.support:appcompat-v7:22.2.1] AndroidManifest.xml:22:5-20
MERGED from [com.android.support:support-v4:22.2.1] AndroidManifest.xml:22:5-20
MERGED from [com.android.support:appcompat-v7:22.2.1] AndroidManifest.xml:22:5-20
MERGED from [com.android.support:support-v4:22.2.1] AndroidManifest.xml:22:5-20
MERGED from [com.android.support:support-v4:22.2.1] AndroidManifest.xml:22:5-20
	android:label
		ADDED from src\main\AndroidManifest.xml:37:9-41
	android:allowBackup
		ADDED from src\main\AndroidManifest.xml:35:9-35
	android:icon
		ADDED from src\main\AndroidManifest.xml:36:9-45
	android:theme
		ADDED from src\main\AndroidManifest.xml:38:9-48
	android:name
		ADDED from src\main\AndroidManifest.xml:34:9-38
activity#com.hshy41.mane.MainActivity
ADDED from src\main\AndroidManifest.xml:39:9-47:20
	android:label
		ADDED from src\main\AndroidManifest.xml:41:13-45
	android:name
		ADDED from src\main\AndroidManifest.xml:40:13-41
intent-filter#android.intent.action.MAIN+android.intent.category.LAUNCHER
ADDED from src\main\AndroidManifest.xml:42:13-46:29
action#android.intent.action.MAIN
ADDED from src\main\AndroidManifest.xml:43:17-69
	android:name
		ADDED from src\main\AndroidManifest.xml:43:25-66
category#android.intent.category.LAUNCHER
ADDED from src\main\AndroidManifest.xml:45:17-77
	android:name
		ADDED from src\main\AndroidManifest.xml:45:27-74
activity#com.hshy41.mane.my.activity.ChangePasswordActivity
ADDED from src\main\AndroidManifest.xml:48:9-72
	android:name
		ADDED from src\main\AndroidManifest.xml:48:19-69
activity#com.hshy41.mane.my.activity.FindPasswordActivity
ADDED from src\main\AndroidManifest.xml:49:9-70
	android:name
		ADDED from src\main\AndroidManifest.xml:49:19-67
activity#com.hshy41.mane.my.activity.LoginActivity
ADDED from src\main\AndroidManifest.xml:50:9-63
	android:name
		ADDED from src\main\AndroidManifest.xml:50:19-60
activity#com.hshy41.mane.my.activity.SetActivity
ADDED from src\main\AndroidManifest.xml:51:9-61
	android:name
		ADDED from src\main\AndroidManifest.xml:51:19-58
activity#com.hshy41.mane.my.activity.InfoSetActivity
ADDED from src\main\AndroidManifest.xml:52:9-65
	android:name
		ADDED from src\main\AndroidManifest.xml:52:19-62
activity#com.hshy41.mane.my.activity.ZhouBianShangHuActivity
ADDED from src\main\AndroidManifest.xml:53:9-55:72
	android:theme
		ADDED from src\main\AndroidManifest.xml:55:13-69
	android:name
		ADDED from src\main\AndroidManifest.xml:54:13-64
activity#com.hshy41.mane.my.activity.RegistActivity
ADDED from src\main\AndroidManifest.xml:56:9-64
	android:name
		ADDED from src\main\AndroidManifest.xml:56:19-61
activity#com.hshy41.mane.my.activity.GetMonneyActivity
ADDED from src\main\AndroidManifest.xml:57:9-60:55
	android:label
		ADDED from src\main\AndroidManifest.xml:59:13-62
	android:theme
		ADDED from src\main\AndroidManifest.xml:60:13-52
	android:name
		ADDED from src\main\AndroidManifest.xml:58:13-58
activity#com.hshy41.mane.my.activity.ModuleDesignActivity
ADDED from src\main\AndroidManifest.xml:61:9-64:55
	android:label
		ADDED from src\main\AndroidManifest.xml:63:13-65
	android:theme
		ADDED from src\main\AndroidManifest.xml:64:13-52
	android:name
		ADDED from src\main\AndroidManifest.xml:62:13-61
activity#com.hshy41.mane.my.activity.SearchActivity
ADDED from src\main\AndroidManifest.xml:65:9-68:55
	android:label
		ADDED from src\main\AndroidManifest.xml:67:13-58
	android:theme
		ADDED from src\main\AndroidManifest.xml:68:13-52
	android:name
		ADDED from src\main\AndroidManifest.xml:66:13-55
activity#com.hshy41.mane.my.activity.FinancingActivity
ADDED from src\main\AndroidManifest.xml:69:9-72:55
	android:label
		ADDED from src\main\AndroidManifest.xml:71:13-60
	android:theme
		ADDED from src\main\AndroidManifest.xml:72:13-52
	android:name
		ADDED from src\main\AndroidManifest.xml:70:13-58
activity#com.hshy41.mane.my.activity.HouseKeepingActivity
ADDED from src\main\AndroidManifest.xml:73:9-70
	android:name
		ADDED from src\main\AndroidManifest.xml:73:19-67
activity#com.hshy41.mane.my.activity.BankFinancingActivity
ADDED from src\main\AndroidManifest.xml:74:9-71
	android:name
		ADDED from src\main\AndroidManifest.xml:74:19-68
activity#com.hshy41.mane.my.activity.ProductInfoActivity
ADDED from src\main\AndroidManifest.xml:75:9-78:55
	android:label
		ADDED from src\main\AndroidManifest.xml:77:13-64
	android:theme
		ADDED from src\main\AndroidManifest.xml:78:13-52
	android:name
		ADDED from src\main\AndroidManifest.xml:76:13-60
activity#com.hshy41.mane.my.activity.ADActivity
ADDED from src\main\AndroidManifest.xml:79:9-82:55
	android:label
		ADDED from src\main\AndroidManifest.xml:81:13-54
	android:theme
		ADDED from src\main\AndroidManifest.xml:82:13-52
	android:name
		ADDED from src\main\AndroidManifest.xml:80:13-51
activity#com.hshy41.mane.my.activity.WebActivity
ADDED from src\main\AndroidManifest.xml:83:9-61
	android:name
		ADDED from src\main\AndroidManifest.xml:83:19-58
activity#com.hshy41.mane.my.activity.ServiceListActivity
ADDED from src\main\AndroidManifest.xml:84:9-69
	android:name
		ADDED from src\main\AndroidManifest.xml:84:19-66
activity#com.hshy41.mane.my.activity.CommonwealActivity
ADDED from src\main\AndroidManifest.xml:85:9-68
	android:name
		ADDED from src\main\AndroidManifest.xml:85:19-65
activity#com.hshy41.mane.my.activity.HouseRentActivity
ADDED from src\main\AndroidManifest.xml:86:9-67
	android:name
		ADDED from src\main\AndroidManifest.xml:86:19-64
activity#com.hshy41.mane.my.activity.TourActivity
ADDED from src\main\AndroidManifest.xml:87:9-62
	android:name
		ADDED from src\main\AndroidManifest.xml:87:19-59
activity#com.hshy41.mane.my.activity.MyCollectActivity
ADDED from src\main\AndroidManifest.xml:88:9-67
	android:name
		ADDED from src\main\AndroidManifest.xml:88:19-64
activity#com.hshy41.mane.my.activity.AccountActivity
ADDED from src\main\AndroidManifest.xml:89:9-65
	android:name
		ADDED from src\main\AndroidManifest.xml:89:19-62
activity#com.hshy41.mane.my.activity.TransactionDetailsActivity
ADDED from src\main\AndroidManifest.xml:90:9-76
	android:name
		ADDED from src\main\AndroidManifest.xml:90:19-73
activity#com.hshy41.mane.my.activity.CashActivity
ADDED from src\main\AndroidManifest.xml:91:9-62
	android:name
		ADDED from src\main\AndroidManifest.xml:91:19-59
activity#com.hshy41.mane.my.activity.PersonalInfoSetActivity
ADDED from src\main\AndroidManifest.xml:92:9-73
	android:name
		ADDED from src\main\AndroidManifest.xml:92:19-70
activity#com.hshy41.mane.my.activity.NickNameActivity
ADDED from src\main\AndroidManifest.xml:93:9-66
	android:name
		ADDED from src\main\AndroidManifest.xml:93:19-63
activity#com.hshy41.mane.my.activity.MessageSetActivity
ADDED from src\main\AndroidManifest.xml:94:9-68
	android:name
		ADDED from src\main\AndroidManifest.xml:94:19-65
activity#com.hshy41.mane.my.activity.SuggestionPostActivity
ADDED from src\main\AndroidManifest.xml:95:9-72
	android:name
		ADDED from src\main\AndroidManifest.xml:95:19-69
activity#com.hshy41.mane.my.activity.AboutUsActivity
ADDED from src\main\AndroidManifest.xml:96:9-65
	android:name
		ADDED from src\main\AndroidManifest.xml:96:19-62
activity#com.hshy41.mane.my.activity.PropertyHallActivity
ADDED from src\main\AndroidManifest.xml:97:9-70
	android:name
		ADDED from src\main\AndroidManifest.xml:97:19-67
activity#com.hshy41.mane.my.activity.PropertyNotificationActivity
ADDED from src\main\AndroidManifest.xml:98:9-78
	android:name
		ADDED from src\main\AndroidManifest.xml:98:19-75
activity#com.hshy41.mane.my.activity.PropertyRepairActivity
ADDED from src\main\AndroidManifest.xml:99:9-72
	android:name
		ADDED from src\main\AndroidManifest.xml:99:19-69
activity#com.hshy41.mane.my.activity.PublicRepairTableActivity
ADDED from src\main\AndroidManifest.xml:100:9-75
	android:name
		ADDED from src\main\AndroidManifest.xml:100:19-72
activity#com.hshy41.mane.my.activity.PropertyServiceActivity
ADDED from src\main\AndroidManifest.xml:101:9-73
	android:name
		ADDED from src\main\AndroidManifest.xml:101:19-70
activity#com.hshy41.mane.my.activity.PropertyPayActivity
ADDED from src\main\AndroidManifest.xml:102:9-69
	android:name
		ADDED from src\main\AndroidManifest.xml:102:19-66
activity#com.hshy41.mane.my.activity.VintageListActivity
ADDED from src\main\AndroidManifest.xml:103:9-69
	android:name
		ADDED from src\main\AndroidManifest.xml:103:19-66
activity#com.hshy41.mane.my.activity.GoodsReleaseActivity
ADDED from src\main\AndroidManifest.xml:104:9-70
	android:name
		ADDED from src\main\AndroidManifest.xml:104:19-67
activity#com.hshy41.mane.my.activity.GetMonneyGameActivity
ADDED from src\main\AndroidManifest.xml:105:9-71
	android:name
		ADDED from src\main\AndroidManifest.xml:105:19-68
meta-data#com.amap.api.v2.apikey
ADDED from src\main\AndroidManifest.xml:108:9-110:64
	android:value
		ADDED from src\main\AndroidManifest.xml:110:13-61
	android:name
		ADDED from src\main\AndroidManifest.xml:109:13-50
service#com.amap.api.location.APSService
ADDED from src\main\AndroidManifest.xml:112:9-76
	android:name
		ADDED from src\main\AndroidManifest.xml:112:18-65
activity#com.hshy41.mane.my.activity.MapActivity
ADDED from src\main\AndroidManifest.xml:123:9-126:64
	android:label
		ADDED from src\main\AndroidManifest.xml:125:13-55
	android:theme
		ADDED from src\main\AndroidManifest.xml:126:13-52
	android:name
		ADDED from src\main\AndroidManifest.xml:124:13-52